<?xml version="1.0" encoding="UTF-8"?>
<!-- Generated by org.testng.reporters.JUnitReportReporter -->
<testsuite hostname="DESKTOP-7ABDC91" failures="0" tests="6" name="Examdesk_End_To_End_Flow.Add_Question" time="84.266" errors="0" timestamp="20 Feb 2020 11:47:29 GMT" skipped="0">
  <testcase classname="Examdesk_End_To_End_Flow.Add_Question" name="Login" time="13.658"/>
  <testcase classname="Examdesk_End_To_End_Flow.Add_Question" name="Add_New_QuestionsSingleChoice" time="11.319"/>
  <testcase classname="Examdesk_End_To_End_Flow.Add_Question" name="Add_New_QuestionsMultipleChoice" time="8.566"/>
  <testcase classname="Examdesk_End_To_End_Flow.Add_Question" name="Add_New_QuestionsTrueFalseType" time="13.710"/>
  <testcase classname="Examdesk_End_To_End_Flow.Add_Question" name="Add_New_QuestionsMatchMatrixType" time="18.874"/>
  <testcase classname="Examdesk_End_To_End_Flow.Add_Question" name="Add_New_QuestionsMatchTheFollowingType" time="18.139"/>
</testsuite> <!-- Examdesk_End_To_End_Flow.Add_Question -->
