<?xml version="1.0" encoding="UTF-8"?>
<!-- Generated by org.testng.reporters.JUnitReportReporter -->
<testsuite hostname="Proctur" failures="0" tests="1" name="com.uiframework.proctur.eLearn.logger.resource.C" time="0.421" errors="0" timestamp="29 Aug 2019 05:56:06 GMT" skipped="0">
  <testcase classname="com.uiframework.proctur.eLearn.logger.resource.C" name="testLoginB" time="0.421"/>
</testsuite> <!-- com.uiframework.proctur.eLearn.logger.resource.C -->
