<?xml version="1.0" encoding="UTF-8"?>
<!-- Generated by org.testng.reporters.JUnitReportReporter -->
<testsuite hostname="DESKTOP-7ABDC91" failures="0" tests="1" name="testgeneralpackage.Attributemethod" time="20.155" errors="0" timestamp="15 Jan 2020 11:13:46 GMT" skipped="0">
  <testcase classname="testgeneralpackage.Attributemethod" name="testDashboard1" time="20.155"/>
</testsuite> <!-- testgeneralpackage.Attributemethod -->
