<?xml version="1.0" encoding="UTF-8"?>
<!-- Generated by org.testng.reporters.JUnitReportReporter -->
<testsuite hostname="Proctur" failures="0" tests="1" name="com.uiframework.proctur.eLearn.logger.resource.B" time="0.443" errors="0" timestamp="29 Aug 2019 05:56:06 GMT" skipped="0">
  <testcase classname="com.uiframework.proctur.eLearn.logger.resource.B" name="testLoginA" time="0.443"/>
</testsuite> <!-- com.uiframework.proctur.eLearn.logger.resource.B -->
