<?xml version="1.0" encoding="UTF-8"?>
<!-- Generated by org.testng.reporters.JUnitReportReporter -->
<testsuite hostname="Proctur" failures="0" tests="1" name="Selenium_with_maven.Automation.testbase.testScripts.TakeScreenShots" time="2.320" errors="0" timestamp="29 Aug 2019 05:56:06 GMT" skipped="0">
  <testcase classname="Selenium_with_maven.Automation.testbase.testScripts.TakeScreenShots" name="testScreen" time="2.320"/>
</testsuite> <!-- Selenium_with_maven.Automation.testbase.testScripts.TakeScreenShots -->
